<?xml version="1.0" encoding="UTF-8"?>
<!-- Generated by org.testng.reporters.JUnitXMLReporter -->
<testsuite hostname="VishalShu" name="Default test" tests="3" failures="0" timestamp="3 Sep 2013 13:48:57 GMT" time="1.746" errors="0">
  <testcase name="insertCategoryWithParentTest" time="0.142" classname="my.example.mongo.ecom.repository.test.CategoryRepositoryTest"/>
  <testcase name="insertRootCategoryTest" time="0.0050" classname="my.example.mongo.ecom.repository.test.CategoryRepositoryTest"/>
  <testcase name="readCategoryWithChildren" time="0.036" classname="my.example.mongo.ecom.repository.test.CategoryRepositoryTest"/>
</testsuite> <!-- Default test -->
