<?xml version="1.0" encoding="UTF-8" ?>
<testsuite failures="2" time="2.496" errors="0" skipped="0" tests="24" name="TestSuite">
  <properties>
[...]
</properties>
  <testcase time="0.038" classname="my.example.mongo.ecom.repository.test.UserRepositoryTest" name="insertUserTest"/>
  <testcase time="0.017" classname="my.example.mongo.ecom.repository.test.UserRepositoryTest" name="readsFirstPageCorrectly"/>
  <testcase time="0.019" classname="my.example.mongo.ecom.repository.test.OrderRepositoryTest" name="insertOrderSubtotalTest"/>
  <testcase time="0.005" classname="my.example.mongo.ecom.repository.test.OrderRepositoryTest" name="readOrders"/>
  <testcase time="0.002" classname="my.example.mongo.ecom.repository.test.OrderRepositoryTest" name="insertOrdersTest"/>
  <testcase time="0.018" classname="my.example.mongo.ecom.service.test.UserServiceTest" name="testAuthenticateUser"/>
  <testcase time="0" classname="my.example.mongo.ecom.service.test.UserServiceTest" name="testAuthenticateUser"/>
  <testcase time="0" classname="my.example.mongo.ecom.service.test.UserServiceTest" name="testAuthenticateUser"/>
  <testcase time="0.005" classname="my.example.mongo.ecom.service.test.UserServiceTest" name="testSearchUser"/>
  <testcase time="0.001" classname="my.example.mongo.ecom.service.test.UserServiceTest" name="testRegisterUser"/>
  <testcase time="0" classname="my.example.mongo.ecom.service.test.UserServiceTest" name="testChangeAddress"/>
  <testcase time="0.007" classname="my.example.mongo.ecom.repository.test.ProductRepositoryTest" name="insertProductTest"/>
  <testcase time="0.004" classname="my.example.mongo.ecom.repository.test.ProductRepositoryTest" name="readProduct"/>
  <testcase time="0.018" classname="my.example.mongo.ecom.repository.test.UserSearchTest" name="testFindByAgeBetween"/>
  <testcase time="0.003" classname="my.example.mongo.ecom.repository.test.UserSearchTest" name="testFindByUsername"/>
  <testcase time="0.006" classname="my.example.mongo.ecom.repository.test.UserSearchTest" name="testFindUsersByUsernamePrefix"/>
  <testcase time="0.006" classname="my.example.mongo.ecom.repository.test.CategoryRepositoryTest" name="insertCategoryWithParentTest"/>
  <testcase time="0.003" classname="my.example.mongo.ecom.repository.test.CategoryRepositoryTest" name="readCategoryWithChildren"/>
  <testcase time="0.001" classname="my.example.mongo.ecom.repository.test.CategoryRepositoryTest" name="insertRootCategoryTest"/>
  <testcase time="0.005" classname="my.example.mongo.ecom.repository.test.OrderSearchTest" name="testFindOrdersByUsername"/>
  <testcase time="0.003" classname="my.example.mongo.ecom.repository.test.OrderSearchTest" name="testFindByShippingAddressCity"/>
  <testcase time="0.003" classname="my.example.mongo.ecom.repository.test.UserRepositoryTest" name="findByIdTest">
    <failure message="expected object to not be null" type="java.lang.AssertionError">java.lang.AssertionError: expected object to not be null
	at org.testng.Assert.fail(Assert.java:94)
	at org.testng.Assert.assertNotNull(Assert.java:404)
	at org.testng.Assert.assertNotNull(Assert.java:389)
	at my.example.mongo.ecom.repository.test.UserRepositoryTest.findByIdTest(UserRepositoryTest.java:58)
</failure>
  </testcase>
  <testcase time="0.007" classname="my.example.mongo.ecom.repository.test.UserRepositoryTest" name="insertDuplicateUsername">
    <failure message="
Method UserRepositoryTest.insertDuplicateUsername()[pri:0, instance:my.example.mongo.ecom.repository.test.UserRepositoryTest@1d9fd51] should have thrown an exception of class org.springframework.dao.DuplicateKeyException" type="org.testng.TestException">org.testng.TestException: 
Method UserRepositoryTest.insertDuplicateUsername()[pri:0, instance:my.example.mongo.ecom.repository.test.UserRepositoryTest@1d9fd51] should have thrown an exception of class org.springframework.dao.DuplicateKeyException
	at org.testng.internal.Invoker.handleInvocationResults(Invoker.java:1512)
	at org.testng.internal.Invoker.invokeMethod(Invoker.java:754)
	at org.testng.internal.Invoker.invokeTestMethod(Invoker.java:901)
	at org.testng.internal.Invoker.invokeTestMethods(Invoker.java:1231)
	at org.testng.internal.TestMethodWorker.invokeTestMethods(TestMethodWorker.java:127)
	at org.testng.internal.TestMethodWorker.run(TestMethodWorker.java:111)
	at org.testng.TestRunner.privateRun(TestRunner.java:767)
	at org.testng.TestRunner.run(TestRunner.java:617)
	at org.testng.SuiteRunner.runTest(SuiteRunner.java:334)
	at org.testng.SuiteRunner.runSequentially(SuiteRunner.java:329)
	at org.testng.SuiteRunner.privateRun(SuiteRunner.java:291)
	at org.testng.SuiteRunner.run(SuiteRunner.java:240)
	at org.testng.SuiteRunnerWorker.runSuite(SuiteRunnerWorker.java:52)
	at org.testng.SuiteRunnerWorker.run(SuiteRunnerWorker.java:86)
	at org.testng.TestNG.runSuitesSequentially(TestNG.java:1198)
	at org.testng.TestNG.runSuitesLocally(TestNG.java:1123)
	at org.testng.TestNG.run(TestNG.java:1031)
	at org.apache.maven.surefire.testng.TestNGExecutor.run(TestNGExecutor.java:60)
	at org.apache.maven.surefire.testng.TestNGDirectoryTestSuite.executeMulti(TestNGDirectoryTestSuite.java:153)
	at org.apache.maven.surefire.testng.TestNGDirectoryTestSuite.execute(TestNGDirectoryTestSuite.java:99)
	at org.apache.maven.surefire.testng.TestNGProvider.invoke(TestNGProvider.java:111)
	at sun.reflect.NativeMethodAccessorImpl.invoke0(Native Method)
	at sun.reflect.NativeMethodAccessorImpl.invoke(NativeMethodAccessorImpl.java:39)
	at sun.reflect.DelegatingMethodAccessorImpl.invoke(DelegatingMethodAccessorImpl.java:25)
	at java.lang.reflect.Method.invoke(Method.java:597)
	at org.apache.maven.surefire.booter.ProviderFactory$ClassLoaderProxy.invoke(ProviderFactory.java:103)
	at $Proxy0.invoke(Unknown Source)
	at org.apache.maven.surefire.booter.SurefireStarter.invokeProvider(SurefireStarter.java:150)
	at org.apache.maven.surefire.booter.SurefireStarter.runSuitesInProcess(SurefireStarter.java:91)
	at org.apache.maven.surefire.booter.ForkedBooter.main(ForkedBooter.java:69)
</failure>
  </testcase>
  <testcase time="0.004" classname="my.example.mongo.ecom.repository.test.UserRepositoryTest" name="updateAddressTest"/>
</testsuite>