<?xml version="1.0" encoding="UTF-8"?>
<!-- Generated by org.testng.reporters.JUnitXMLReporter -->
<testsuite hostname="VishalShu" name="Command line test" tests="24" failures="2" timestamp="5 Sep 2013 13:57:41 GMT" time="1.717" errors="0">
  <testcase name="insertUserTest" time="0.039" classname="my.example.mongo.ecom.repository.test.UserRepositoryTest"/>
  <testcase name="readsFirstPageCorrectly" time="0.017" classname="my.example.mongo.ecom.repository.test.UserRepositoryTest"/>
  <testcase name="insertOrderSubtotalTest" time="0.019" classname="my.example.mongo.ecom.repository.test.OrderRepositoryTest"/>
  <testcase name="readOrders" time="0.0050" classname="my.example.mongo.ecom.repository.test.OrderRepositoryTest"/>
  <testcase name="insertOrdersTest" time="0.0020" classname="my.example.mongo.ecom.repository.test.OrderRepositoryTest"/>
  <testcase name="testAuthenticateUser" time="0.017" classname="my.example.mongo.ecom.service.test.UserServiceTest"/>
  <testcase name="testAuthenticateUser" time="0.0" classname="my.example.mongo.ecom.service.test.UserServiceTest"/>
  <testcase name="testAuthenticateUser" time="0.0" classname="my.example.mongo.ecom.service.test.UserServiceTest"/>
  <testcase name="testSearchUser" time="0.0050" classname="my.example.mongo.ecom.service.test.UserServiceTest"/>
  <testcase name="testRegisterUser" time="0.0010" classname="my.example.mongo.ecom.service.test.UserServiceTest"/>
  <testcase name="testChangeAddress" time="0.0" classname="my.example.mongo.ecom.service.test.UserServiceTest"/>
  <testcase name="insertProductTest" time="0.0070" classname="my.example.mongo.ecom.repository.test.ProductRepositoryTest"/>
  <testcase name="readProduct" time="0.0040" classname="my.example.mongo.ecom.repository.test.ProductRepositoryTest"/>
  <testcase name="testFindByAgeBetween" time="0.018" classname="my.example.mongo.ecom.repository.test.UserSearchTest"/>
  <testcase name="testFindByUsername" time="0.0030" classname="my.example.mongo.ecom.repository.test.UserSearchTest"/>
  <testcase name="testFindUsersByUsernamePrefix" time="0.0060" classname="my.example.mongo.ecom.repository.test.UserSearchTest"/>
  <testcase name="insertCategoryWithParentTest" time="0.0070" classname="my.example.mongo.ecom.repository.test.CategoryRepositoryTest"/>
  <testcase name="readCategoryWithChildren" time="0.0030" classname="my.example.mongo.ecom.repository.test.CategoryRepositoryTest"/>
  <testcase name="insertRootCategoryTest" time="0.0010" classname="my.example.mongo.ecom.repository.test.CategoryRepositoryTest"/>
  <testcase name="testFindOrdersByUsername" time="0.0050" classname="my.example.mongo.ecom.repository.test.OrderSearchTest"/>
  <testcase name="testFindByShippingAddressCity" time="0.0030" classname="my.example.mongo.ecom.repository.test.OrderSearchTest"/>
  <testcase name="findByIdTest" time="0.0020" classname="my.example.mongo.ecom.repository.test.UserRepositoryTest">
    <failure type="java.lang.AssertionError" message="expected object to not be null">
      <![CDATA[java.lang.AssertionError: expected object to not be null
	at my.example.mongo.ecom.repository.test.UserRepositoryTest.findByIdTest(UserRepositoryTest.java:58)
	at org.springframework.test.context.testng.AbstractTestNGSpringContextTests.run(AbstractTestNGSpringContextTests.java:158)
	at org.apache.maven.surefire.testng.TestNGExecutor.run(TestNGExecutor.java:60)
	at org.apache.maven.surefire.testng.TestNGDirectoryTestSuite.executeMulti(TestNGDirectoryTestSuite.java:153)
	at org.apache.maven.surefire.testng.TestNGDirectoryTestSuite.execute(TestNGDirectoryTestSuite.java:99)
	at org.apache.maven.surefire.testng.TestNGProvider.invoke(TestNGProvider.java:111)
	at org.apache.maven.surefire.booter.ProviderFactory$ClassLoaderProxy.invoke(ProviderFactory.java:103)
	at $Proxy0.invoke(Unknown Source)
	at org.apache.maven.surefire.booter.SurefireStarter.invokeProvider(SurefireStarter.java:150)
	at org.apache.maven.surefire.booter.SurefireStarter.runSuitesInProcess(SurefireStarter.java:91)
	at org.apache.maven.surefire.booter.ForkedBooter.main(ForkedBooter.java:69)
... Removed 34 stack frames]]>
    </failure>
  </testcase> <!-- findByIdTest -->
  <testcase name="insertDuplicateUsername" time="0.0040" classname="my.example.mongo.ecom.repository.test.UserRepositoryTest">
    <failure type="org.testng.TestException" message="
Expected exception org.springframework.dao.DuplicateKeyException but got org.testng.TestException: 
Method UserRepositoryTest.insertDuplicateUsername()[pri:0, instance:my.example.mongo.ecom.repository.test.UserRepositoryTest@1d9fd51] should have thrown an exception of class org.springframework.dao.DuplicateKeyException">
      <![CDATA[org.testng.TestException: 
Method UserRepositoryTest.insertDuplicateUsername()[pri:0, instance:my.example.mongo.ecom.repository.test.UserRepositoryTest@1d9fd51] should have thrown an exception of class org.springframework.dao.DuplicateKeyException
	at org.apache.maven.surefire.testng.TestNGExecutor.run(TestNGExecutor.java:60)
	at org.apache.maven.surefire.testng.TestNGDirectoryTestSuite.executeMulti(TestNGDirectoryTestSuite.java:153)
	at org.apache.maven.surefire.testng.TestNGDirectoryTestSuite.execute(TestNGDirectoryTestSuite.java:99)
	at org.apache.maven.surefire.testng.TestNGProvider.invoke(TestNGProvider.java:111)
	at org.apache.maven.surefire.booter.ProviderFactory$ClassLoaderProxy.invoke(ProviderFactory.java:103)
	at $Proxy0.invoke(Unknown Source)
	at org.apache.maven.surefire.booter.SurefireStarter.invokeProvider(SurefireStarter.java:150)
	at org.apache.maven.surefire.booter.SurefireStarter.runSuitesInProcess(SurefireStarter.java:91)
	at org.apache.maven.surefire.booter.ForkedBooter.main(ForkedBooter.java:69)
Method UserRepositoryTest.insertDuplicateUsername()[pri:0, instance:my.example.mongo.ecom.repository.test.UserRepositoryTest@1d9fd51] should have thrown an exception of class org.springframework.dao.DuplicateKeyException
	... 26 more
... Removed 25 stack frames]]>
    </failure>
  </testcase> <!-- insertDuplicateUsername -->
  <testcase name="updateAddressTest" time="0.0040" classname="my.example.mongo.ecom.repository.test.UserRepositoryTest"/>
</testsuite> <!-- Command line test -->
